SF:D:\Projects\opensource\gh_trend\lib\src\date_range.dart
DA:2,2
DA:9,2
DA:11,2
DA:13,2
DA:15,2
DA:21,2
DA:23,2
DA:25,2
DA:27,2
LF:9
LH:9
end_of_record
SF:D:\Projects\opensource\gh_trend\lib\src\model.developer.dart
DA:14,1
DA:23,1
DA:24,1
DA:25,1
DA:26,1
DA:27,1
DA:28,1
DA:29,1
DA:34,1
DA:35,1
DA:36,1
DA:37,1
DA:38,1
DA:39,1
DA:40,1
DA:45,3
DA:48,3
DA:51,1
DA:52,1
DA:53,1
DA:54,1
DA:55,1
DA:56,1
DA:57,1
LF:24
LH:24
end_of_record
SF:D:\Projects\opensource\gh_trend\lib\src\model.repository.dart
DA:8,1
DA:44,1
DA:45,1
DA:46,1
DA:47,1
DA:48,1
DA:49,1
DA:50,1
DA:51,1
DA:52,1
DA:53,5
DA:58,1
DA:59,1
DA:60,1
DA:61,1
DA:62,1
DA:63,1
DA:64,1
DA:65,1
DA:66,1
DA:67,1
DA:68,4
DA:73,3
DA:76,1
DA:77,2
DA:80,1
DA:81,1
DA:82,1
DA:83,1
DA:84,1
DA:85,1
DA:86,1
DA:87,1
DA:88,1
DA:89,1
DA:99,1
DA:105,1
DA:106,1
DA:107,1
DA:108,1
DA:113,1
DA:114,1
DA:115,1
DA:116,1
DA:121,3
DA:124,1
DA:125,2
DA:128,1
DA:129,3
LF:49
LH:49
end_of_record
SF:D:\Projects\opensource\gh_trend\lib\src\scraper.dart
DA:7,3
DA:59,1
DA:65,1
DA:67,3
DA:68,2
DA:69,1
DA:70,1
DA:79,3
DA:82,1
DA:83,2
DA:84,2
DA:86,5
DA:89,1
DA:90,2
DA:91,2
DA:95,1
DA:96,3
DA:97,1
DA:100,4
DA:101,3
DA:102,5
DA:103,5
DA:104,6
DA:105,1
DA:106,2
DA:107,2
DA:109,3
DA:110,3
DA:111,2
DA:113,0
DA:116,2
DA:127,0
DA:131,0
DA:143,1
DA:148,1
DA:150,4
DA:151,2
DA:152,1
DA:153,1
DA:160,3
DA:162,1
DA:163,2
DA:164,2
DA:166,4
DA:167,4
DA:168,4
DA:169,4
DA:170,3
DA:171,2
DA:179,0
DA:183,0
DA:189,1
DA:208,1
DA:210,1
DA:211,1
DA:212,1
DA:213,1
DA:214,1
DA:215,1
DA:216,1
DA:217,1
DA:218,1
DA:219,1
DA:220,1
DA:221,1
DA:222,1
DA:223,1
DA:224,1
DA:225,1
LF:69
LH:64
end_of_record
SF:D:\Projects\opensource\gh_trend\lib\src\url_builder.dart
DA:4,2
DA:11,2
DA:12,2
DA:13,2
DA:15,2
DA:16,2
DA:18,6
DA:19,4
LF:8
LH:8
end_of_record
SF:D:\Projects\opensource\gh_trend\lib\src\gh_trend_base.dart
DA:30,1
DA:36,1
DA:50,1
DA:55,2
LF:4
LH:4
end_of_record
SF:D:\Projects\opensource\gh_trend\lib\src\request.dart
DA:4,2
DA:8,2
DA:9,4
DA:10,6
DA:11,4
DA:12,0
DA:14,6
LF:7
LH:6
end_of_record
